Win32Loader.obj : error LNK2005: _CheckNetfxBuildNumber ist bereits in Win32Analyser.obj definiert.
Win32Loader.obj : error LNK2005: _GetNetfxSPLevel ist bereits in Win32Analyser.obj definiert.
Win32Loader.obj : error LNK2005: _IsNetfx10Installed ist bereits in Win32Analyser.obj definiert.
Win32Loader.obj : error LNK2005: _IsNetfx11Installed ist bereits in Win32Analyser.obj definiert.
Win32Loader.obj : error LNK2005: _IsNetfx20Installed ist bereits in Win32Analyser.obj definiert.
Win32Loader.obj : error LNK2005: _IsNetfx30Installed ist bereits in Win32Analyser.obj definiert.
Win32Loader.obj : error LNK2005: _IsNetfx35Installed ist bereits in Win32Analyser.obj definiert.
Win32Loader.obj : error LNK2005: _IsNetfx40ClientInstalled ist bereits in Win32Analyser.obj definiert.
Win32Loader.obj : error LNK2005: _IsNetfx40FullInstalled ist bereits in Win32Analyser.obj definiert.
Win32Loader.obj : error LNK2005: _IsNetfx451Installed ist bereits in Win32Analyser.obj definiert.
Win32Loader.obj : error LNK2005: _IsNetfx452Installed ist bereits in Win32Analyser.obj definiert.
Win32Loader.obj : error LNK2005: _IsNetfx45Installed ist bereits in Win32Analyser.obj definiert.
Win32Loader.obj : error LNK2005: _IsNetfx461Installed ist bereits in Win32Analyser.obj definiert.
Win32Loader.obj : error LNK2005: _IsNetfx462Installed ist bereits in Win32Analyser.obj definiert.
Win32Loader.obj : error LNK2005: _IsNetfx46Installed ist bereits in Win32Analyser.obj definiert.
Win32Loader.obj : error LNK2005: _IsNetfx471Installed ist bereits in Win32Analyser.obj definiert.
Win32Loader.obj : error LNK2005: _IsNetfx472Installed ist bereits in Win32Analyser.obj definiert.
Win32Loader.obj : error LNK2005: _IsNetfx47Installed ist bereits in Win32Analyser.obj definiert.
Win32Loader.obj : error LNK2005: _RegistryGetValue ist bereits in Win32Analyser.obj definiert.
Win32Loader.obj : error LNK2005: _main ist bereits in Win32Analyser.obj definiert.
Win32Loader.obj : error LNK2005: _g_szNetfx10RegKeyName ist bereits in Win32Analyser.obj definiert.
Win32Loader.obj : error LNK2005: _g_szNetfx10RegKeyValue ist bereits in Win32Analyser.obj definiert.
Win32Loader.obj : error LNK2005: _g_szNetfx10SPxMSIRegKeyName ist bereits in Win32Analyser.obj definiert.
Win32Loader.obj : error LNK2005: _g_szNetfx10SPxOCMRegKeyName ist bereits in Win32Analyser.obj definiert.
Win32Loader.obj : error LNK2005: _g_szNetfx11RegKeyName ist bereits in Win32Analyser.obj definiert.
Win32Loader.obj : error LNK2005: _g_szNetfx20RegKeyName ist bereits in Win32Analyser.obj definiert.
Win32Loader.obj : error LNK2005: _g_szNetfx30RegKeyName ist bereits in Win32Analyser.obj definiert.
Win32Loader.obj : error LNK2005: _g_szNetfx30SpRegKeyName ist bereits in Win32Analyser.obj definiert.
Win32Loader.obj : error LNK2005: _g_szNetfx30RegValueName ist bereits in Win32Analyser.obj definiert.
Win32Loader.obj : error LNK2005: _g_szNetfx35RegKeyName ist bereits in Win32Analyser.obj definiert.
Win32Loader.obj : error LNK2005: _g_szNetfx40ClientRegKeyName ist bereits in Win32Analyser.obj definiert.
Win32Loader.obj : error LNK2005: _g_szNetfx40FullRegKeyName ist bereits in Win32Analyser.obj definiert.
Win32Loader.obj : error LNK2005: _g_szNetfx40SPxRegValueName ist bereits in Win32Analyser.obj definiert.
Win32Loader.obj : error LNK2005: _g_szNetfx45RegKeyName ist bereits in Win32Analyser.obj definiert.
Win32Loader.obj : error LNK2005: _g_szNetfx45RegValueName ist bereits in Win32Analyser.obj definiert.
Win32Loader.obj : error LNK2005: _g_szNetfxStandardRegValueName ist bereits in Win32Analyser.obj definiert.
Win32Loader.obj : error LNK2005: _g_szNetfxStandardSPxRegValueName ist bereits in Win32Analyser.obj definiert.
Win32Loader.obj : error LNK2005: _g_szNetfxStandardVersionRegValueName ist bereits in Win32Analyser.obj definiert.
Win32Loader.obj : error LNK2005: _g_iNetfx30VersionMajor ist bereits in Win32Analyser.obj definiert.
Win32Loader.obj : error LNK2005: _g_iNetfx30VersionMinor ist bereits in Win32Analyser.obj definiert.
Win32Loader.obj : error LNK2005: _g_iNetfx30VersionBuild ist bereits in Win32Analyser.obj definiert.
Win32Loader.obj : error LNK2005: _g_iNetfx30VersionRevision ist bereits in Win32Analyser.obj definiert.
Win32Loader.obj : error LNK2005: _g_iNetfx35VersionMajor ist bereits in Win32Analyser.obj definiert.
Win32Loader.obj : error LNK2005: _g_iNetfx35VersionMinor ist bereits in Win32Analyser.obj definiert.
Win32Loader.obj : error LNK2005: _g_iNetfx35VersionBuild ist bereits in Win32Analyser.obj definiert.
Win32Loader.obj : error LNK2005: _g_iNetfx35VersionRevision ist bereits in Win32Analyser.obj definiert.
Win32Loader.obj : error LNK2005: _g_iNetfx40VersionMajor ist bereits in Win32Analyser.obj definiert.
Win32Loader.obj : error LNK2005: _g_iNetfx40VersionMinor ist bereits in Win32Analyser.obj definiert.
Win32Loader.obj : error LNK2005: _g_iNetfx40VersionBuild ist bereits in Win32Analyser.obj definiert.
Win32Loader.obj : error LNK2005: _g_iNetfx40VersionRevision ist bereits in Win32Analyser.obj definiert.
Win32Loader.obj : error LNK2005: _g_dwNetfx45ReleaseVersion ist bereits in Win32Analyser.obj definiert.
Win32Loader.obj : error LNK2005: _g_dwNetfx451ReleaseVersion ist bereits in Win32Analyser.obj definiert.
Win32Loader.obj : error LNK2005: _g_dwNetfx452ReleaseVersion ist bereits in Win32Analyser.obj definiert.
Win32Loader.obj : error LNK2005: _g_dwNetfx46ReleaseVersion ist bereits in Win32Analyser.obj definiert.
Win32Loader.obj : error LNK2005: _g_dwNetfx461ReleaseVersion ist bereits in Win32Analyser.obj definiert.
Win32Loader.obj : error LNK2005: _g_dwNetfx462ReleaseVersion ist bereits in Win32Analyser.obj definiert.
Win32Loader.obj : error LNK2005: _g_dwNetfx47ReleaseVersion ist bereits in Win32Analyser.obj definiert.
Win32Loader.obj : error LNK2005: _g_dwNetfx471ReleaseVersion ist bereits in Win32Analyser.obj definiert.
Win32Loader.obj : error LNK2005: _g_dwNetfx472ReleaseVersion ist bereits in Win32Analyser.obj definiert.
Win32Loader.obj : error LNK2005: _g_szNetfx10VersionString ist bereits in Win32Analyser.obj definiert.
Win32Loader.obj : error LNK2005: _g_szNetfx11VersionString ist bereits in Win32Analyser.obj definiert.
Win32Loader.obj : error LNK2005: _g_szNetfx20VersionString ist bereits in Win32Analyser.obj definiert.
Win32Loader.obj : error LNK2005: _g_szNetfx40VersionString ist bereits in Win32Analyser.obj definiert.
I:\_Projekte\CheckDotNet\Debug\Win32_Loader.exe : fatal error LNK1169: Mindestens ein mehrfach definiertes Symbol gefunden.
